[32m@blablaland/client:build: [0mcache hit, replaying output [2m2b62cca5d4db6eef[0m
[32m@blablaland/client:build: [0m
[32m@blablaland/client:build: [0m> build
[32m@blablaland/client:build: [0m> next build
[32m@blablaland/client:build: [0m
[32m@blablaland/client:build: [0minfo  - Checking validity of types...
[32m@blablaland/client:build: [0minfo  - Creating an optimized production build...
[32m@blablaland/client:build: [0minfo  - Compiled successfully
[32m@blablaland/client:build: [0minfo  - Collecting page data...
[32m@blablaland/client:build: [0minfo  - Generating static pages (0/3)
[32m@blablaland/client:build: [0minfo  - Generating static pages (3/3)
[32m@blablaland/client:build: [0minfo  - Finalizing page optimization...
[32m@blablaland/client:build: [0m
[32m@blablaland/client:build: [0mPage                                       Size     First Load JS
[32m@blablaland/client:build: [0m┌ ○ /                                      1.47 kB        81.8 kB
[32m@blablaland/client:build: [0m├   /_app                                  0 B              75 kB
[32m@blablaland/client:build: [0m├ ○ /404                                   193 B          75.2 kB
[32m@blablaland/client:build: [0m├ λ /api/auth/login                        0 B              75 kB
[32m@blablaland/client:build: [0m├ λ /api/auth/register                     0 B              75 kB
[32m@blablaland/client:build: [0m├ λ /api/user                              0 B              75 kB
[32m@blablaland/client:build: [0m├ λ /login                                 3.69 kB          84 kB
[32m@blablaland/client:build: [0m├ λ /params.xml                            257 B          75.3 kB
[32m@blablaland/client:build: [0m├ λ /play                                  1.53 kB        81.9 kB
[32m@blablaland/client:build: [0m├ λ /register                              3.72 kB          84 kB
[32m@blablaland/client:build: [0m├ λ /scripts/chat/getBBL.php               268 B          75.3 kB
[32m@blablaland/client:build: [0m└ λ /scripts/chat/keepalive.php            267 B          75.3 kB
[32m@blablaland/client:build: [0m+ First Load JS shared by all              75 kB
[32m@blablaland/client:build: [0m  ├ chunks/framework-39ef0a24cced4e18.js   42 kB
[32m@blablaland/client:build: [0m  ├ chunks/main-1620fe742cfceb1f.js        27.6 kB
[32m@blablaland/client:build: [0m  ├ chunks/pages/_app-a66bb13596300fe7.js  4.61 kB
[32m@blablaland/client:build: [0m  ├ chunks/webpack-69bfa6990bb9e155.js     769 B
[32m@blablaland/client:build: [0m  └ css/12ef8fb2613cf0bb.css               2.56 kB
[32m@blablaland/client:build: [0m
[32m@blablaland/client:build: [0mλ  (Server)  server-side renders at runtime (uses getInitialProps or getServerSideProps)
[32m@blablaland/client:build: [0m○  (Static)  automatically rendered as static HTML (uses no initial props)
[32m@blablaland/client:build: [0m
